# JRE version: OpenJDK Runtime Environment (21.0.7) (build 21.0.7+-13880790-b1038.58)
# Java VM: OpenJDK 64-Bit Server VM (21.0.7+-13880790-b1038.58, mixed mode, tiered, compressed oops, compressed class ptrs, g1 gc, windows-amd64)
GC Precious Log:
 CardTable entry size: 512
 Card Set container configuration: InlinePtr #cards 5 size 8 Array Of Cards #cards 12 size 40 Howl #buckets 4 coarsen threshold 1843 Howl Bitmap #cards 512 size 80 coarsen threshold 460 Card regions per heap region 1 cards per card region 2048
 CPUs: 32 total, 32 available
 Memory: 32693M
 Large Page Support: Disabled
 NUMA Support: Disabled
 Compressed Oops: Enabled (32-bit)
 Heap Region Size: 1M
 Heap Min Capacity: 8M
 Heap Initial Capacity: 512M
 Heap Max Capacity: 2G
 Pre-touch: Disabled
 Parallel Workers: 23
 Concurrent Workers: 6
 Concurrent Refinement Workers: 23
 Periodic GC: Disabled
Heap:
 garbage-first heap   total 313344K, used 184850K [0x0000000080000000, 0x0000000100000000)
  region size 1024K, 41 young (41984K), 3 survivors (3072K)
 Metaspace       used 159838K, committed 163392K, reserved 1245184K
  class space    used 22641K, committed 24512K, reserved 1048576K
GC Heap History (20 events):
Event: 2500.971 GC heap before
{Heap before GC invocations=59 (full 0):
 garbage-first heap   total 306176K, used 266824K [0x0000000080000000, 0x0000000100000000)
  region size 1024K, 94 young (96256K), 10 survivors (10240K)
 Metaspace       used 157737K, committed 163200K, reserved 1245184K
  class space    used 22537K, committed 24512K, reserved 1048576K
}
Event: 2500.973 GC heap after
{Heap after GC invocations=60 (full 0):
 garbage-first heap   total 306176K, used 177325K [0x0000000080000000, 0x0000000100000000)
  region size 1024K, 3 young (3072K), 3 survivors (3072K)
 Metaspace       used 157737K, committed 163200K, reserved 1245184K
  class space    used 22537K, committed 24512K, reserved 1048576K
}
Event: 3237.645 GC heap before
{Heap before GC invocations=60 (full 0):
 garbage-first heap   total 306176K, used 279725K [0x0000000080000000, 0x0000000100000000)
  region size 1024K, 104 young (106496K), 3 survivors (3072K)
 Metaspace       used 157916K, committed 163200K, reserved 1245184K
  class space    used 22540K, committed 24512K, reserved 1048576K
}
Event: 3237.651 GC heap after
{Heap after GC invocations=61 (full 0):
 garbage-first heap   total 310272K, used 172070K [0x0000000080000000, 0x0000000100000000)
  region size 1024K, 12 young (12288K), 12 survivors (12288K)
 Metaspace       used 157916K, committed 163200K, reserved 1245184K
  class space    used 22540K, committed 24512K, reserved 1048576K
}
Event: 3267.207 GC heap before
{Heap before GC invocations=61 (full 0):
 garbage-first heap   total 310272K, used 279590K [0x0000000080000000, 0x0000000100000000)
  region size 1024K, 118 young (120832K), 12 survivors (12288K)
 Metaspace       used 158029K, committed 163200K, reserved 1245184K
  class space    used 22542K, committed 24512K, reserved 1048576K
}
Event: 3267.212 GC heap after
{Heap after GC invocations=62 (full 0):
 garbage-first heap   total 310272K, used 164398K [0x0000000080000000, 0x0000000100000000)
  region size 1024K, 6 young (6144K), 6 survivors (6144K)
 Metaspace       used 158029K, committed 163200K, reserved 1245184K
  class space    used 22542K, committed 24512K, reserved 1048576K
}
Event: 3293.148 GC heap before
{Heap before GC invocations=62 (full 0):
 garbage-first heap   total 310272K, used 281134K [0x0000000080000000, 0x0000000100000000)
  region size 1024K, 121 young (123904K), 6 survivors (6144K)
 Metaspace       used 158294K, committed 163264K, reserved 1245184K
  class space    used 22546K, committed 24512K, reserved 1048576K
}
Event: 3293.150 GC heap after
{Heap after GC invocations=63 (full 0):
 garbage-first heap   total 310272K, used 161435K [0x0000000080000000, 0x0000000100000000)
  region size 1024K, 3 young (3072K), 3 survivors (3072K)
 Metaspace       used 158294K, committed 163264K, reserved 1245184K
  class space    used 22546K, committed 24512K, reserved 1048576K
}
Event: 3293.545 GC heap before
{Heap before GC invocations=64 (full 0):
 garbage-first heap   total 310272K, used 278171K [0x0000000080000000, 0x0000000100000000)
  region size 1024K, 125 young (128000K), 3 survivors (3072K)
 Metaspace       used 158404K, committed 163264K, reserved 1245184K
  class space    used 22541K, committed 24512K, reserved 1048576K
}
Event: 3293.550 GC heap after
{Heap after GC invocations=65 (full 0):
 garbage-first heap   total 310272K, used 168108K [0x0000000080000000, 0x0000000100000000)
  region size 1024K, 16 young (16384K), 16 survivors (16384K)
 Metaspace       used 158404K, committed 163264K, reserved 1245184K
  class space    used 22541K, committed 24512K, reserved 1048576K
}
Event: 3346.219 GC heap before
{Heap before GC invocations=65 (full 0):
 garbage-first heap   total 310272K, used 275628K [0x0000000080000000, 0x0000000100000000)
  region size 1024K, 122 young (124928K), 16 survivors (16384K)
 Metaspace       used 158619K, committed 163264K, reserved 1245184K
  class space    used 22548K, committed 24512K, reserved 1048576K
}
Event: 3346.225 GC heap after
{Heap after GC invocations=66 (full 0):
 garbage-first heap   total 310272K, used 150354K [0x0000000080000000, 0x0000000100000000)
  region size 1024K, 12 young (12288K), 12 survivors (12288K)
 Metaspace       used 158619K, committed 163264K, reserved 1245184K
  class space    used 22548K, committed 24512K, reserved 1048576K
}
Event: 3445.847 GC heap before
{Heap before GC invocations=66 (full 0):
 garbage-first heap   total 310272K, used 277330K [0x0000000080000000, 0x0000000100000000)
  region size 1024K, 137 young (140288K), 12 survivors (12288K)
 Metaspace       used 158806K, committed 163328K, reserved 1245184K
  class space    used 22565K, committed 24512K, reserved 1048576K
}
Event: 3445.850 GC heap after
{Heap after GC invocations=67 (full 0):
 garbage-first heap   total 310272K, used 148081K [0x0000000080000000, 0x0000000100000000)
  region size 1024K, 8 young (8192K), 8 survivors (8192K)
 Metaspace       used 158806K, committed 163328K, reserved 1245184K
  class space    used 22565K, committed 24512K, reserved 1048576K
}
Event: 3448.055 GC heap before
{Heap before GC invocations=67 (full 0):
 garbage-first heap   total 310272K, used 278129K [0x0000000080000000, 0x0000000100000000)
  region size 1024K, 136 young (139264K), 8 survivors (8192K)
 Metaspace       used 159016K, committed 163328K, reserved 1245184K
  class space    used 22577K, committed 24512K, reserved 1048576K
}
Event: 3448.061 GC heap after
{Heap after GC invocations=68 (full 0):
 garbage-first heap   total 310272K, used 164714K [0x0000000080000000, 0x0000000100000000)
  region size 1024K, 17 young (17408K), 17 survivors (17408K)
 Metaspace       used 159016K, committed 163328K, reserved 1245184K
  class space    used 22577K, committed 24512K, reserved 1048576K
}
Event: 3448.226 GC heap before
{Heap before GC invocations=69 (full 0):
 garbage-first heap   total 310272K, used 267114K [0x0000000080000000, 0x0000000100000000)
  region size 1024K, 126 young (129024K), 17 survivors (17408K)
 Metaspace       used 159036K, committed 163328K, reserved 1245184K
  class space    used 22581K, committed 24512K, reserved 1048576K
}
Event: 3448.230 GC heap after
{Heap after GC invocations=70 (full 0):
 garbage-first heap   total 310272K, used 157955K [0x0000000080000000, 0x0000000100000000)
  region size 1024K, 5 young (5120K), 5 survivors (5120K)
 Metaspace       used 159036K, committed 163328K, reserved 1245184K
  class space    used 22581K, committed 24512K, reserved 1048576K
}
Event: 3668.151 GC heap before
{Heap before GC invocations=70 (full 0):
 garbage-first heap   total 310272K, used 301315K [0x0000000080000000, 0x0000000100000000)
  region size 1024K, 124 young (126976K), 5 survivors (5120K)
 Metaspace       used 159697K, committed 163392K, reserved 1245184K
  class space    used 22617K, committed 24512K, reserved 1048576K
}
Event: 3668.155 GC heap after
{Heap after GC invocations=71 (full 0):
 garbage-first heap   total 313344K, used 147986K [0x0000000080000000, 0x0000000100000000)
  region size 1024K, 3 young (3072K), 3 survivors (3072K)
 Metaspace       used 159697K, committed 163392K, reserved 1245184K
  class space    used 22617K, committed 24512K, reserved 1048576K
}

